d:\prog4engine\minigin\minigin\x64\debug\vc143.pdb
d:\prog4engine\minigin\minigin\x64\debug\vc143.idb
d:\prog4engine\minigin\minigin\x64\debug\transform.obj
d:\prog4engine\minigin\minigin\x64\debug\time.obj
d:\prog4engine\minigin\minigin\x64\debug\texture2d.obj
d:\prog4engine\minigin\minigin\x64\debug\textobject.obj
d:\prog4engine\minigin\minigin\x64\debug\scenemanager.obj
d:\prog4engine\minigin\minigin\x64\debug\scene.obj
d:\prog4engine\minigin\minigin\x64\debug\resourcemanager.obj
d:\prog4engine\minigin\minigin\x64\debug\renderer.obj
d:\prog4engine\minigin\minigin\x64\debug\simplerendercomponent.obj
d:\prog4engine\minigin\minigin\x64\debug\rotatorcomponent.obj
d:\prog4engine\minigin\minigin\x64\debug\minigin.obj
d:\prog4engine\minigin\minigin\x64\debug\main.obj
d:\prog4engine\minigin\minigin\x64\debug\inputmanager.obj
d:\prog4engine\minigin\minigin\x64\debug\gameobject.obj
d:\prog4engine\minigin\minigin\x64\debug\fpscomponent.obj
d:\prog4engine\minigin\minigin\x64\debug\font.obj
d:\prog4engine\minigin\x64\debug\minigin.exe
d:\prog4engine\minigin\minigin\x64\debug\minigin.ilk
d:\prog4engine\minigin\x64\debug\minigin.pdb
d:\prog4engine\minigin\minigin\x64\debug\minigin.tlog\cl.command.1.tlog
d:\prog4engine\minigin\minigin\x64\debug\minigin.tlog\cl.read.1.tlog
d:\prog4engine\minigin\minigin\x64\debug\minigin.tlog\cl.write.1.tlog
d:\prog4engine\minigin\minigin\x64\debug\minigin.tlog\link.command.1.tlog
d:\prog4engine\minigin\minigin\x64\debug\minigin.tlog\link.read.1.tlog
d:\prog4engine\minigin\minigin\x64\debug\minigin.tlog\link.write.1.tlog
